sjcsbm06 continuum c0ng0*88
Filesystem      Size  Used Avail Use% Mounted on
/dev/sdb1        22T   14T  8.1T  64% /storage01
/dev/sdc1        22T   18T  4.4T  81% /storage02
/dev/sdd1        22T   17T  5.2T  77% /storage03
/dev/sde1        22T   16T  6.7T  70% /storage04
/dev/sdf1        22T   19T  3.4T  85% /storage05
/dev/sdg1        22T   13T  9.1T  59% /storage06
/dev/sdh1        22T   17T  5.1T  77% /storage07
/dev/sdi1        22T   14T  8.4T  62% /storage08
/dev/sdj1        11T  5.7T  5.4T  52% /storage09
sjcsbm07 continuum c0ng0*88
Filesystem      Size  Used Avail Use% Mounted on
/dev/sdb1        22T   18T  4.7T  79% /storage01
/dev/sdc1        22T   16T  6.3T  72% /storage02
/dev/sdd1        22T   13T  9.4T  58% /storage03
/dev/sde1        22T   18T  4.0T  83% /storage04
/dev/sdf1        22T   18T  4.6T  80% /storage05
/dev/sdg1        22T   12T   11T  52% /storage06
/dev/sdh1        22T   12T   11T  53% /storage07
/dev/sdi1        22T   12T   11T  54% /storage08
/dev/sdj1        11T  4.9T  6.1T  45% /storage09
sjcsbm08 continuum c0ng0*88
Filesystem      Size  Used Avail Use% Mounted on
/dev/sdb1        22T   15T  7.3T  67% /storage01
/dev/sdc1        22T   16T  6.4T  71% /storage02
/dev/sdd1        22T   18T  4.5T  80% /storage03
/dev/sde1        22T   15T  7.4T  67% /storage04
/dev/sdf1        22T   19T  3.7T  84% /storage05
/dev/sdg1        22T   19T  3.2T  86% /storage06
/dev/sdh1        22T   16T  6.1T  73% /storage07
/dev/sdi1        22T   18T  4.3T  81% /storage08
/dev/sdj1        11T  6.6T  4.4T  60% /storage09
sjcsbm09 continuum c0ng0*88
Filesystem      Size  Used Avail Use% Mounted on
/dev/sdb1        22T   12T   11T  54% /storage01
/dev/sdc1        22T   12T   11T  53% /storage02
/dev/sdd1        22T   16T  6.5T  71% /storage03
/dev/sde1        22T   34M   22T   1% /storage04
/dev/sdf1        22T   16T  6.4T  72% /storage05
/dev/sdg1        22T   19T  3.8T  84% /storage06
/dev/sdh1        22T   16T  6.4T  72% /storage07
/dev/sdi1        22T   17T  5.7T  74% /storage08
/dev/sdj1        11T  2.2T  8.8T  20% /storage09
sjcsbm10 continuum c0ng0*88
Filesystem      Size  Used Avail Use% Mounted on
/dev/sdb1        22T  6.4T   16T  30% /storage01
/dev/sdc1        22T  5.7T   17T  26% /storage02
/dev/sdd1        22T  5.2T   17T  24% /storage03
/dev/sde1        22T  4.6T   18T  21% /storage04
/dev/sdf1        22T  6.7T   16T  31% /storage05
/dev/sdg1        22T  7.6T   15T  35% /storage06
/dev/sdh1        22T  7.4T   15T  34% /storage07
/dev/sdi1        22T  8.5T   14T  39% /storage08
/dev/sdj1        11T  4.6T  6.4T  42% /storage09
sjcsbm11 continuum c0ng0*88
Filesystem             Size  Used Avail Use% Mounted on
/dev/sdb1               22T   19T  3.3T  86% /storage01
/dev/sdc1               22T   18T  4.1T  82% /storage02
/dev/sdd1               22T   15T  7.4T  67% /storage03
/dev/sde1               22T   15T  7.1T  68% /storage04
/dev/mapper/vg00-root   47G   13G   35G  27% /
/dev/sdg1               22T   17T  5.5T  76% /storage06
/dev/sdh1               22T   15T  7.1T  68% /storage07
/dev/sdi1               22T   20T  2.1T  91% /storage08
/dev/sdj1               11T  8.6T  2.4T  79% /storage09
sjcsbm12 continuum c0ng0*88
Filesystem      Size  Used Avail Use% Mounted on
/dev/sdb1        22T   16T  6.5T  71% /storage01
/dev/sdc1        22T   16T  6.4T  71% /storage02
/dev/sdd1        22T   18T  4.5T  80% /storage03
/dev/sde1        22T   14T  8.2T  63% /storage04
/dev/sdf1        22T   19T  3.5T  85% /storage05
/dev/sdg1        22T   18T  4.1T  82% /storage06
/dev/sdh1        22T   17T  5.3T  76% /storage07
/dev/sdi1        22T   12T   10T  55% /storage08
/dev/sdj1        11T  8.7T  2.3T  80% /storage09
sjcsbm13 continuum c0ng0*88
Filesystem             Size  Used Avail Use% Mounted on
/dev/sdb1               22T  6.8T   16T  31% /storage01
/dev/sdc1               22T   17T  5.7T  75% /storage02
/dev/sdd1               22T   11T   12T  47% /storage03
/dev/sde1               22T   13T  9.5T  57% /storage04
/dev/sdf1               22T  237G   22T   2% /storage05
/dev/sdg1               22T   12T   11T  53% /storage06
/dev/mapper/vg00-root   47G  8.7G   38G  19% /
/dev/sdi1               22T  8.6T   14T  40% /storage08
/dev/sdj1               11T  8.0T  3.0T  74% /storage09
sjcsbm14 continuum c0ng0*88
Filesystem      Size  Used Avail Use% Mounted on
/dev/sdb1        22T   15T  7.1T  68% /storage01
/dev/sdc1        22T  7.8T   15T  36% /storage02
/dev/sdd1        22T  7.1T   15T  33% /storage03
/dev/sde1        22T  3.7T   19T  17% /storage04
/dev/sdf1        22T  6.0T   16T  28% /storage05
/dev/sdg1        22T  3.9T   18T  18% /storage06
/dev/sdh1        22T  5.2T   17T  24% /storage07
/dev/sdi1        22T  3.1T   19T  14% /storage08
/dev/sdj1        11T  4.9T  6.1T  45% /storage09
sjcsbm15 continuum c0ng0*88
Filesystem      Size  Used Avail Use% Mounted on
/dev/sdb1        22T  9.2T   13T  42% /storage01
/dev/sdc1        22T   13T  9.8T  56% /storage02
/dev/sdd1        22T  2.9T   19T  14% /storage03
/dev/sde1        22T  4.5T   18T  21% /storage04
/dev/sdf1        22T  3.8T   19T  18% /storage05
/dev/sdg1        22T  4.1T   18T  19% /storage06
/dev/sdh1        22T  8.7T   14T  40% /storage07
/dev/sdi1        22T  5.0T   17T  23% /storage08
/dev/sdj1        11T  4.3T  6.7T  39% /storage09
wdcsbm04 continuum c0ng0*88
Filesystem      Size  Used Avail Use% Mounted on
/dev/sdb1        22T   17T  5.7T  74% /storage01
/dev/sdc1        22T   14T  8.4T  62% /storage02
/dev/sdd1        22T   18T  4.1T  82% /storage03
/dev/sde1        22T   18T  4.8T  79% /storage04
/dev/sdf1        22T   14T  7.9T  64% /storage05
/dev/sdg1        22T   18T  4.5T  80% /storage06
/dev/sdh1        22T   11T   11T  50% /storage07
/dev/sdi1        22T   11T   11T  51% /storage08
/dev/sdj1        11T  8.2T  2.8T  75% /storage09
wdcsbm08 continuum c0ng0*88
Filesystem      Size  Used Avail Use% Mounted on
/dev/md127       93T   65T   29T  70% /storage01
wdcsbm09 continuum c0ng0*88
Filesystem      Size  Used Avail Use% Mounted on
/dev/sdb1        22T   18T  4.3T  81% /storage01
/dev/sdc1        22T   18T  4.4T  81% /storage02
/dev/sdd1        22T   19T  3.4T  85% /storage03
/dev/sde1        22T   18T  4.7T  79% /storage04
/dev/sdf1        22T   19T  3.3T  85% /storage05
/dev/sdg1        22T   17T  4.9T  78% /storage06
/dev/sdh1        22T   18T  4.1T  82% /storage07
/dev/sdi1        22T   19T  3.7T  84% /storage08
/dev/sdj1        11T  8.5T  2.5T  78% /storage09
wdcsbm10 continuum c0ng0*88
Filesystem      Size  Used Avail Use% Mounted on
/dev/sdb1        22T   13T  9.7T  56% /storage01
/dev/sdc1        22T   18T  4.3T  81% /storage02
/dev/sdd1        22T   19T  3.7T  84% /storage03
/dev/sde1        22T  8.2T   14T  38% /storage04
/dev/sdf1        22T   15T  7.3T  67% /storage05
/dev/sdg1        22T   18T  3.9T  83% /storage06
/dev/sdh1        22T   13T  9.9T  55% /storage07
/dev/sdj1        11T  5.9T  5.1T  54% /storage08
/dev/sdi1        22T   17T  5.4T  76% /storage09
wdcsbm11 continuum c0ng0*88
Filesystem      Size  Used Avail Use% Mounted on
/dev/sdb1        22T   16T  6.8T  69% /storage01
/dev/sdc1        22T   11T   12T  49% /storage02
/dev/sdd1        22T   17T  5.2T  77% /storage03
/dev/sde1        22T   13T  9.6T  57% /storage04
/dev/sdf1        22T   12T  9.9T  55% /storage05
/dev/sdg1        22T   16T  6.5T  71% /storage06
/dev/sdh1        22T   13T  9.5T  57% /storage07
/dev/sdi1        22T  9.9T   12T  46% /storage08
/dev/sdj1        11T  6.2T  4.9T  56% /storage09
wdcsbm12 continuum c0ng0*88
Filesystem      Size  Used Avail Use% Mounted on
/dev/sdb1        22T  9.4T   13T  43% /storage01
/dev/sdc1        22T   11T   12T  47% /storage02
/dev/sdd1        22T   12T   11T  52% /storage03
/dev/sde1        22T   11T   12T  47% /storage04
/dev/sdf1        22T  8.1T   14T  37% /storage05
/dev/sdg1        22T  3.5T   19T  16% /storage06
/dev/sdh1        22T  8.0T   14T  37% /storage07
/dev/sdi1        22T  6.1T   16T  28% /storage08
/dev/sdj1        11T  8.0T  3.0T  74% /storage09
wdcsbm13 continuum c0ng0*88
Filesystem             Size  Used Avail Use% Mounted on
/dev/sdb1               22T   13T  9.1T  59% /storage01
/dev/sdc1               22T   19T  3.7T  84% /storage02
/dev/sdd1               22T   14T  8.0T  64% /storage03
/dev/mapper/vg00-root   47G   14G   34G  29% /
/dev/sdf1               22T   17T  5.3T  76% /storage05
/dev/sdg1               22T   15T  7.7T  66% /storage06
/dev/sdh1               22T   14T  8.4T  62% /storage07
/dev/sdi1               22T   17T  5.1T  77% /storage08
/dev/sdj1               11T  9.5T  1.5T  87% /storage09
wdcsbm14 continuum c0ng0*88
Filesystem      Size  Used Avail Use% Mounted on
/dev/sdb1        22T   15T  7.0T  69% /storage01
/dev/sdc1        22T   16T  6.0T  73% /storage02
/dev/sdd1        22T   18T  4.2T  81% /storage03
/dev/sde1        22T   14T  8.1T  64% /storage04
/dev/sdf1        22T   18T  4.1T  82% /storage05
/dev/sdg1        22T   18T  4.2T  82% /storage06
/dev/sdh1        22T   18T  4.7T  79% /storage07
/dev/sdi1        22T   16T  6.8T  70% /storage08
/dev/sdj1        11T  5.4T  5.6T  49% /storage09
wdcsbm15 continuum c0ng0*88
Filesystem      Size  Used Avail Use% Mounted on
/dev/sdb1        22T   18T  4.4T  81% /storage01
/dev/sdc1        22T   15T  7.5T  66% /storage02
/dev/sdd1        22T   15T  7.3T  67% /storage03
/dev/sde1        22T   19T  3.3T  86% /storage04
/dev/sdf1        22T   13T  9.5T  57% /storage05
/dev/sdg1        22T   16T  6.6T  70% /storage06
/dev/sdh1        22T   11T   11T  50% /storage07
/dev/sdi1        22T   11T   12T  50% /storage08
/dev/sdj1        11T  7.0T  4.0T  64% /storage09
wdcsbm16 continuum c0ng0*88
Filesystem      Size  Used Avail Use% Mounted on
/dev/sdb1        22T  4.6T   18T  21% /storage01
/dev/sdc1        22T  8.2T   14T  38% /storage02
/dev/sdd1        22T  7.0T   15T  32% /storage03
/dev/sde1        22T  6.4T   16T  29% /storage04
/dev/sdf1        22T  8.3T   14T  38% /storage05
/dev/sdg1        22T  5.0T   17T  23% /storage06
/dev/sdh1        22T  3.5T   19T  16% /storage07
/dev/sdi1        22T  9.4T   13T  43% /storage08
/dev/sdj1        11T  3.9T  7.1T  36% /storage09
wdcsbm17 continuum c0ng0*88
Filesystem             Size  Used Avail Use% Mounted on
/dev/sdb1               22T  3.3T   19T  16% /storage01
/dev/sdc1               22T  4.8T   18T  22% /storage02
/dev/sdd1               22T  6.7T   16T  31% /storage03
/dev/sde1               22T  8.3T   14T  38% /storage04
/dev/sdf1               22T  6.9T   15T  32% /storage05
/dev/sdg1               22T  8.4T   14T  39% /storage06
/dev/sdh1               22T  6.5T   16T  30% /storage07
/dev/mapper/vg00-root   47G  536M   47G   2% /
/dev/sdj1               11T  7.7T  3.3T  71% /storage09
loasbm02 continuum c0ng0*88
Filesystem      Size  Used Avail Use% Mounted on
/dev/sdb1        30T  450G   29T   2% /storage01
/dev/sdc1        30T   97G   30T   1% /storage02
/dev/sdd1        30T   13G   30T   1% /storage03
/dev/sde1        30T  355G   29T   2% /storage04
/dev/sdf1        30T  4.9G   30T   1% /storage05
/dev/sdg1        30T   34M   30T   1% /storage06
/dev/sdh1        30T   34M   30T   1% /storage07
/dev/sdi1        30T  7.0G   30T   1% /storage08
/dev/sdj1        15T   34M   15T   1% /storage09
loasbm03 continuum c0ng0*88
Filesystem      Size  Used Avail Use% Mounted on
/dev/sdb1        30T  9.1G   30T   1% /storage01
/dev/sdc1        30T   28G   30T   1% /storage02
/dev/sdd1        30T  275G   29T   1% /storage03
/dev/sde1        30T   54G   30T   1% /storage04
/dev/sdf1        30T  1.2T   28T   4% /storage05
/dev/sdg1        30T   12G   30T   1% /storage06
/dev/sdh1        30T   34M   30T   1% /storage07
/dev/sdi1        30T  6.2G   30T   1% /storage08
/dev/sdj1        15T   34M   15T   1% /storage09
loasbm04 continuum c0ng0*88
Filesystem      Size  Used Avail Use% Mounted on
/dev/sda5        44T   34M   44T   1% /storage01
/dev/sdb5        44T   34M   44T   1% /storage02
/dev/sdc5        44T   15G   44T   1% /storage03
/dev/sdd5        44T  9.1G   44T   1% /storage04
/dev/sde5        44T  7.0G   44T   1% /storage05
/dev/sdf5        44T  7.0G   44T   1% /storage06
loasbm05 continuum c0ng0*88
Filesystem      Size  Used Avail Use% Mounted on
/dev/sda5        44T   16T   28T  37% /storage01
/dev/sdb5        44T   16T   28T  37% /storage02
/dev/sdc5        44T   16T   28T  37% /storage03
/dev/sdd5        44T   16T   28T  37% /storage04
/dev/sde5        44T   16T   28T  37% /storage05
/dev/sdf5        44T   16T   28T  37% /storage06
lobsbm01 continuum c0ng0*88
Filesystem      Size  Used Avail Use% Mounted on
/dev/sdb1        30T  9.1G   30T   1% /storage01
/dev/sdc1        30T   28G   30T   1% /storage02
/dev/sdd1        30T   97G   30T   1% /storage03
/dev/sde1        30T  455G   29T   2% /storage04
/dev/sdf1        30T  1.2T   28T   4% /storage05
/dev/sdg1        30T  4.9G   30T   1% /storage06
/dev/sdh1        30T   34M   30T   1% /storage07
/dev/sdi1        30T   34M   30T   1% /storage08
/dev/sdj1        15T   34M   15T   1% /storage09
lobsbm02 continuum c0ng0*88
Filesystem      Size  Used Avail Use% Mounted on
/dev/sdb1        30T   60G   30T   1% /storage01
/dev/sdc1        30T  275G   29T   1% /storage02
/dev/sdd1        30T  355G   29T   2% /storage03
/dev/sde1        30T   15G   30T   1% /storage04
/dev/sdf1        30T   34M   30T   1% /storage05
/dev/sdg1        30T   34M   30T   1% /storage06
/dev/sdh1        30T   34M   30T   1% /storage07
/dev/sdi1        30T  7.0G   30T   1% /storage08
/dev/sdj1        15T   34M   15T   1% /storage09
lobsbm04 continuum c0ng0*88
Filesystem      Size  Used Avail Use% Mounted on
/dev/sda5        44T   35M   44T   1% /storage01
/dev/sdb5        44T   34M   44T   1% /storage02
/dev/sdc5        44T   34M   44T   1% /storage03
/dev/sdd5        44T   34M   44T   1% /storage04
/dev/sde5        44T   34M   44T   1% /storage05
/dev/sdf5        44T   25G   44T   1% /storage06
lobsbm05 continuum c0ng0*88
Filesystem      Size  Used Avail Use% Mounted on
/dev/sda5        44T   31T   13T  71% /storage01
/dev/sdb5        44T   31T   14T  70% /storage02
/dev/sdc5        44T   31T   14T  70% /storage03
/dev/sdd5        44T   31T   13T  71% /storage04
/dev/sde5        44T   30T   14T  69% /storage05
/dev/sdf5        44T   30T   14T  69% /storage06
lonsbm01 continuum c0ng0*88
continuum@lonsbm01's password: